{
  "timestamp": "2024-12-15T05:16:53.765Z",
  "commits": [
    {
      "hash": "eb99336beefc614f7e9e124295c74e61518a0bde",
      "date": "2024-12-15T10:46:14+05:30",
      "message": "aaaa",
      "refs": "HEAD -> master",
      "body": "",
      "author_name": "thasunVidasara555",
      "author_email": "vidasara555@gmail.com"
    },
    {
      "hash": "f83b716f29e5fd8a49e5698f8db33ff846bfc67e",
      "date": "2024-12-15T10:44:53+05:30",
      "message": "mmmm",
      "refs": "",
      "body": "",
      "author_name": "thasunVidasara555",
      "author_email": "vidasara555@gmail.com"
    },
    {
      "hash": "cc0264a4f4de08e71dce5237b111397ac23da4db",
      "date": "2024-12-15T10:42:49+05:30",
      "message": "mmmm",
      "refs": "",
      "body": "",
      "author_name": "thasunVidasara555",
      "author_email": "vidasara555@gmail.com"
    }
  ],
  "changedFiles": []
}
